0 info it worked if it ends with ok
1 verbose cli [ 'D:\\nodejs\\node.exe',
1 verbose cli   'D:\\nodejs\\node_modules\\npm\\bin\\npm-cli.js',
1 verbose cli   'install',
1 verbose cli   '-g',
1 verbose cli   'n' ]
2 info using npm@2.15.1
3 info using node@v4.4.3
4 verbose install initial load of C:\Users\balal\AppData\Roaming\npm\package.json
5 verbose readDependencies loading dependencies from C:\Users\balal\AppData\Roaming\npm\package.json
6 silly cache add args [ 'n', null ]
7 verbose cache add spec n
8 silly cache add parsed spec Result {
8 silly cache add   raw: 'n',
8 silly cache add   scope: null,
8 silly cache add   name: 'n',
8 silly cache add   rawSpec: '',
8 silly cache add   spec: 'latest',
8 silly cache add   type: 'tag' }
9 silly addNamed n@latest
10 verbose addNamed "latest" is being treated as a dist-tag for n
11 info addNameTag [ 'n', 'latest' ]
12 silly mapToRegistry name n
13 silly mapToRegistry using default registry
14 silly mapToRegistry registry https://registry.npmjs.org/
15 silly mapToRegistry data Result {
15 silly mapToRegistry   raw: 'n',
15 silly mapToRegistry   scope: null,
15 silly mapToRegistry   name: 'n',
15 silly mapToRegistry   rawSpec: '',
15 silly mapToRegistry   spec: 'latest',
15 silly mapToRegistry   type: 'tag' }
16 silly mapToRegistry uri https://registry.npmjs.org/n
17 verbose addNameTag registry:https://registry.npmjs.org/n not in flight; fetching
18 verbose request uri https://registry.npmjs.org/n
19 verbose request no auth needed
20 info attempt registry request try #1 at 23:16:40
21 verbose request using bearer token for auth
22 verbose request id e76bcb0e3fa1d9c3
23 http request GET https://registry.npmjs.org/n
24 http 200 https://registry.npmjs.org/n
25 verbose headers { 'content-type': 'application/json; charset=UTF-8',
25 verbose headers   server: 'UploadServer',
25 verbose headers   'cache-control': 'max-age=300',
25 verbose headers   'last-modified': 'Thu, 1 Mar 2018 7:19:52 GMT',
25 verbose headers   etag: '"5a97a998-11743"',
25 verbose headers   'x-npm-region': 'Asia',
25 verbose headers   'content-encoding': 'gzip',
25 verbose headers   'content-length': '11944',
25 verbose headers   'accept-ranges': 'bytes',
25 verbose headers   date: 'Wed, 07 Mar 2018 15:16:41 GMT',
25 verbose headers   via: '1.1 varnish',
25 verbose headers   age: '0',
25 verbose headers   connection: 'keep-alive',
25 verbose headers   'x-served-by': 'cache-hkg17935-HKG',
25 verbose headers   'x-cache': 'HIT',
25 verbose headers   'x-cache-hits': '1',
25 verbose headers   'x-timer': 'S1520435801.884989,VS0,VE194',
25 verbose headers   vary: 'Accept-Encoding, Accept' }
26 silly get cb [ 200,
26 silly get   { 'content-type': 'application/json; charset=UTF-8',
26 silly get     server: 'UploadServer',
26 silly get     'cache-control': 'max-age=300',
26 silly get     'last-modified': 'Thu, 1 Mar 2018 7:19:52 GMT',
26 silly get     etag: '"5a97a998-11743"',
26 silly get     'x-npm-region': 'Asia',
26 silly get     'content-encoding': 'gzip',
26 silly get     'content-length': '11944',
26 silly get     'accept-ranges': 'bytes',
26 silly get     date: 'Wed, 07 Mar 2018 15:16:41 GMT',
26 silly get     via: '1.1 varnish',
26 silly get     age: '0',
26 silly get     connection: 'keep-alive',
26 silly get     'x-served-by': 'cache-hkg17935-HKG',
26 silly get     'x-cache': 'HIT',
26 silly get     'x-cache-hits': '1',
26 silly get     'x-timer': 'S1520435801.884989,VS0,VE194',
26 silly get     vary: 'Accept-Encoding, Accept' } ]
27 verbose get saving n to C:\Users\balal\AppData\Roaming\npm-cache\registry.npmjs.org\n\.cache.json
28 verbose correctMkdir C:\Users\balal\AppData\Roaming\npm-cache correctMkdir not in flight; initializing
29 silly addNameTag next cb for n with tag latest
30 silly addNamed n@2.1.8
31 verbose addNamed "2.1.8" is a plain semver version for n
32 silly mapToRegistry name n
33 silly mapToRegistry using default registry
34 silly mapToRegistry registry https://registry.npmjs.org/
35 silly mapToRegistry data Result {
35 silly mapToRegistry   raw: 'n',
35 silly mapToRegistry   scope: null,
35 silly mapToRegistry   name: 'n',
35 silly mapToRegistry   rawSpec: '',
35 silly mapToRegistry   spec: 'latest',
35 silly mapToRegistry   type: 'tag' }
36 silly mapToRegistry uri https://registry.npmjs.org/n
37 verbose addRemoteTarball https://registry.npmjs.org/n/-/n-2.1.8.tgz not in flight; adding
38 verbose addRemoteTarball [ 'https://registry.npmjs.org/n/-/n-2.1.8.tgz',
38 verbose addRemoteTarball   '9b770f6ae0a93c49c64fb614625a63cc5a22d1fd' ]
39 info retry fetch attempt 1 at 23:16:41
40 info attempt registry request try #1 at 23:16:41
41 http fetch GET https://registry.npmjs.org/n/-/n-2.1.8.tgz
42 verbose request using bearer token for auth
43 http fetch 200 https://registry.npmjs.org/n/-/n-2.1.8.tgz
44 silly fetchAndShaCheck shasum 9b770f6ae0a93c49c64fb614625a63cc5a22d1fd
45 verbose addTmpTarball C:\Users\balal\AppData\Local\Temp\npm-20312-4ffd084e\registry.npmjs.org\n\-\n-2.1.8.tgz not in flight; adding
46 verbose addTmpTarball already have metadata; skipping unpack for n@2.1.8
47 verbose correctMkdir C:\Users\balal\AppData\Roaming\npm-cache correctMkdir not in flight; initializing
48 silly cache afterAdd n@2.1.8
49 verbose afterAdd C:\Users\balal\AppData\Roaming\npm-cache\n\2.1.8\package\package.json not in flight; writing
50 verbose correctMkdir C:\Users\balal\AppData\Roaming\npm-cache correctMkdir not in flight; initializing
51 verbose afterAdd C:\Users\balal\AppData\Roaming\npm-cache\n\2.1.8\package\package.json written
52 silly install resolved [ { name: 'n',
52 silly install resolved     description: 'Interactively Manage All Your Node Versions',
52 silly install resolved     version: '2.1.8',
52 silly install resolved     author: { name: 'TJ Holowaychuk', email: 'tj@vision-media.ca' },
52 silly install resolved     homepage: 'https://github.com/tj/n',
52 silly install resolved     bugs: { url: 'https://github.com/tj/n/issues' },
52 silly install resolved     contributors: [ [Object], [Object], [Object] ],
52 silly install resolved     keywords:
52 silly install resolved      [ 'nvm',
52 silly install resolved        'node',
52 silly install resolved        'version',
52 silly install resolved        'manager',
52 silly install resolved        'switcher',
52 silly install resolved        'node',
52 silly install resolved        'binary',
52 silly install resolved        'env' ],
52 silly install resolved     bin: { n: './bin/n' },
52 silly install resolved     repository: { type: 'git', url: 'git://github.com/tj/n.git' },
52 silly install resolved     preferGlobal: true,
52 silly install resolved     os: [ '!win32' ],
52 silly install resolved     engines: { node: '*' },
52 silly install resolved     license: 'MIT',
52 silly install resolved     gitHead: '14ab6ff01f3b673e2e29f465a00e0b29643bb8d9',
52 silly install resolved     _id: 'n@2.1.8',
52 silly install resolved     _npmVersion: '5.0.3',
52 silly install resolved     _nodeVersion: '8.1.2',
52 silly install resolved     _npmUser: { name: 'troy0820', email: 'troy0820@gmail.com' },
52 silly install resolved     dist:
52 silly install resolved      { integrity: 'sha512-VN3To6jBHSdTHmv+fT00V1nBdj3MWdcOlEKBEaUtXKRqQhuN289B9Jym9P/L3rXfafAsapmh4Fcr/DUR8DGJVg==',
52 silly install resolved        shasum: '9b770f6ae0a93c49c64fb614625a63cc5a22d1fd',
52 silly install resolved        tarball: 'https://registry.npmjs.org/n/-/n-2.1.8.tgz' },
52 silly install resolved     maintainers: [ [Object], [Object], [Object], [Object], [Object], [Object] ],
52 silly install resolved     _npmOperationalInternal:
52 silly install resolved      { host: 's3://npm-registry-packages',
52 silly install resolved        tmp: 'tmp/n-2.1.8.tgz_1498880450388_0.9696143395267427' },
52 silly install resolved     directories: {},
52 silly install resolved     _shasum: '9b770f6ae0a93c49c64fb614625a63cc5a22d1fd',
52 silly install resolved     _resolved: 'https://registry.npmjs.org/n/-/n-2.1.8.tgz',
52 silly install resolved     _from: 'n@latest' } ]
53 info install n@2.1.8 into C:\Users\balal\AppData\Roaming\npm
54 info installOne n@2.1.8
55 verbose installOne of n to C:\Users\balal\AppData\Roaming\npm not in flight; installing
56 verbose correctMkdir C:\Users\balal\AppData\Roaming\npm-cache\_locks correctMkdir not in flight; initializing
57 verbose lock using C:\Users\balal\AppData\Roaming\npm-cache\_locks\n-992461fdaf98f8c3.lock for C:\Users\balal\AppData\Roaming\npm\node_modules\n
58 verbose unlock done using C:\Users\balal\AppData\Roaming\npm-cache\_locks\n-992461fdaf98f8c3.lock for C:\Users\balal\AppData\Roaming\npm\node_modules\n
59 verbose stack Error: Unsupported
59 verbose stack     at checkPlatform (D:\nodejs\node_modules\npm\node_modules\npm-install-checks\index.js:47:14)
59 verbose stack     at Array.<anonymous> (D:\nodejs\node_modules\npm\node_modules\slide\lib\bind-actor.js:15:8)
59 verbose stack     at LOOP (D:\nodejs\node_modules\npm\node_modules\slide\lib\chain.js:15:14)
59 verbose stack     at D:\nodejs\node_modules\npm\node_modules\slide\lib\chain.js:18:7
59 verbose stack     at checkEngine (D:\nodejs\node_modules\npm\node_modules\npm-install-checks\index.js:26:10)
59 verbose stack     at Array.<anonymous> (D:\nodejs\node_modules\npm\node_modules\slide\lib\bind-actor.js:15:8)
59 verbose stack     at LOOP (D:\nodejs\node_modules\npm\node_modules\slide\lib\chain.js:15:14)
59 verbose stack     at chain (D:\nodejs\node_modules\npm\node_modules\slide\lib\chain.js:20:5)
59 verbose stack     at D:\nodejs\node_modules\npm\lib\install.js:1038:5
59 verbose stack     at D:\nodejs\node_modules\npm\lib\utils\locker.js:39:7
60 verbose pkgid n@2.1.8
61 verbose cwd D:\JusTeam
62 error Windows_NT 10.0.14393
63 error argv "D:\\nodejs\\node.exe" "D:\\nodejs\\node_modules\\npm\\bin\\npm-cli.js" "install" "-g" "n"
64 error node v4.4.3
65 error npm  v2.15.1
66 error code EBADPLATFORM
67 error notsup Unsupported
67 error notsup Not compatible with your operating system or architecture: n@2.1.8
67 error notsup Valid OS:    !win32
67 error notsup Valid Arch:  any
67 error notsup Actual OS:   win32
67 error notsup Actual Arch: x64
68 verbose exit [ 1, true ]
